Added Component: Designator=D1(DO-214AC_SOD128)
Added Component: Designator=D2(DO-214AC_SOD128)
Added Component: Designator=D5(DO-214AC_SOD128)
Added Component: Designator=D6(DO-214AC_SOD128)
Added Component: Designator=D7(DO-214AC_SOD128)
Added Component: Designator=D8(DO-214AC_SOD128)
Added Component: Designator=D9(DO-214AC_SOD128)
Added Component: Designator=D10(DO-214AC_SOD128)
Added Component: Designator=D11(DO-214AC_SOD128)
Added Component: Designator=D12(DO-214AC_SOD128)
Added Pin To Net: NetName=NetD1_1 Pin=D1-1
Added Pin To Net: NetName=NetC1_1 Pin=D1-2
Added Pin To Net: NetName=NetD2_1 Pin=D2-1
Added Pin To Net: NetName=VJET Pin=D2-2
Added Pin To Net: NetName=NetD5_1 Pin=D5-1
Added Pin To Net: NetName=V5_1 Pin=D5-2
Added Pin To Net: NetName=NetD6_1 Pin=D6-1
Added Pin To Net: NetName=V5_2 Pin=D6-2
Added Pin To Net: NetName=NetD7_1 Pin=D7-1
Added Pin To Net: NetName=V5_3 Pin=D7-2
Added Pin To Net: NetName=NetD8_1 Pin=D8-1
Added Pin To Net: NetName=V5_4 Pin=D8-2
Added Pin To Net: NetName=NetD9_1 Pin=D9-1
Added Pin To Net: NetName=V12_1 Pin=D9-2
Added Pin To Net: NetName=NetD10_1 Pin=D10-1
Added Pin To Net: NetName=V12_2 Pin=D10-2
Added Pin To Net: NetName=NetD11_1 Pin=D11-1
Added Pin To Net: NetName=VBASE Pin=D11-2
Added Pin To Net: NetName=NetD12_1 Pin=D12-1
Added Pin To Net: NetName=VAR Pin=D12-2
Added Member To Class: ClassName=Buck Boost 19V Member=Component D1 SCHOTTKEY
Added Member To Class: ClassName=Buck Boost 19V Member=Component D2 SCHOTTKEY
Added Member To Class: ClassName=DC_DC_5V_1 Member=Component D5 SCHOTTKEY
Added Member To Class: ClassName=DC_DC_5V_1 Member=Component D6 SCHOTTKEY
Added Member To Class: ClassName=DC_DC_5V_2 Member=Component D7 SCHOTTKEY
Added Member To Class: ClassName=DC_DC_5V_2 Member=Component D8 SCHOTTKEY
Added Member To Class: ClassName=DC_DC_12V Member=Component D9 SCHOTTKEY
Added Member To Class: ClassName=DC_DC_12V Member=Component D10 SCHOTTKEY
Added Member To Class: ClassName=DC_DC_15V_AND_VAR Member=Component D11 SCHOTTKEY
Added Member To Class: ClassName=DC_DC_15V_AND_VAR Member=Component D12 SCHOTTKEY
