Added Component: Designator=C1(CAP ALU - 6.3mm DIA)
Added Component: Designator=C2(CAP_1206)
Added Component: Designator=C3(CAP_1206)
Added Component: Designator=C4(CAP_1206)
Added Component: Designator=C5(CAP_1206)
Added Component: Designator=C6(CAP_1206)
Added Component: Designator=C7(CAP_1206)
Added Component: Designator=C8(CAP ALU - 6.3mm DIA)
Added Component: Designator=C9(CAP_1206)
Added Component: Designator=C10(CAP_0805)
Added Component: Designator=C11(CAP_0805)
Added Component: Designator=C12(CAP_0805)
Added Component: Designator=C13(CAP_1206)
Added Component: Designator=C14(CAP_0805)
Added Component: Designator=C15(CAP ALU - 6.3mm DIA)
Added Component: Designator=C16(CAP_1206)
Added Component: Designator=C17(CAP_1206)
Added Component: Designator=C18(CAP_0805)
Added Component: Designator=C19(CAP_0805)
Added Component: Designator=C20(CAP_0805)
Added Component: Designator=C21(CAP_1206)
Added Component: Designator=C22(CAP_0805)
Added Component: Designator=C23(CAP ALU - 6.3mm DIA)
Added Component: Designator=C24(CAP_1206)
Added Component: Designator=C25(CAP_1206)
Added Component: Designator=C26(CAP_0805)
Added Component: Designator=C27(CAP_0805)
Added Component: Designator=C28(CAP_0805)
Added Component: Designator=C29(CAP_1206)
Added Component: Designator=C30(CAP_0805)
Added Component: Designator=C31(CAP ALU - 6.3mm DIA)
Added Component: Designator=C32(CAP_1206)
Added Component: Designator=C33(CAP_1206)
Added Component: Designator=C34(CAP_0805)
Added Component: Designator=C35(CAP_0805)
Added Component: Designator=C36(CAP_0805)
Added Component: Designator=C37(CAP_1206)
Added Component: Designator=C38(CAP_0805)
Added Component: Designator=C39(CAP ALU - 6.3mm DIA)
Added Component: Designator=C40(CAP_1206)
Added Component: Designator=C41(CAP_1206)
Added Component: Designator=C42(CAP_0805)
Added Component: Designator=C43(CAP_0805)
Added Component: Designator=C44(CAP_0805)
Added Component: Designator=C45(CAP_1206)
Added Component: Designator=C46(CAP_0805)
Added Component: Designator=C47(CAP ALU - 6.3mm DIA)
Added Component: Designator=C48(CAP_1206)
Added Component: Designator=C49(CAP_1206)
Added Component: Designator=C50(CAP_0805)
Added Component: Designator=C51(CAP_0805)
Added Component: Designator=C52(CAP_0805)
Added Component: Designator=C53(CAP_1206)
Added Component: Designator=C54(CAP_0805)
Added Component: Designator=C55(CAP ALU - 6.3mm DIA)
Added Component: Designator=C56(CAP_1206)
Added Component: Designator=C57(CAP_1206)
Added Component: Designator=C58(CAP_0805)
Added Component: Designator=C59(CAP_0805)
Added Component: Designator=C60(CAP_0805)
Added Component: Designator=C61(CAP_1206)
Added Component: Designator=C62(CAP_0805)
Added Component: Designator=C63(CAP ALU - 6.3mm DIA)
Added Component: Designator=C64(CAP_1206)
Added Component: Designator=C65(CAP_1206)
Added Component: Designator=C66(CAP_0805)
Added Component: Designator=C67(CAP_0805)
Added Component: Designator=C68(CAP_0805)
Added Component: Designator=C69(CAP_1206)
Added Component: Designator=C70(CAP_0805)
Added Component: Designator=C71(CAP ALU - 6.3mm DIA)
Added Component: Designator=C72(CAP_1206)
Added Component: Designator=C73(CAP_1206)
Added Component: Designator=C74(CAP_0805)
Added Component: Designator=C75(CAP_0805)
Added Component: Designator=C76(CAP_0805)
Added Component: Designator=D1(DO-214AC_SOD128)
Added Component: Designator=D2(DO-214AC_SOD128)
Added Component: Designator=D3(TO277-3)
Added Component: Designator=D4(TO277-3)
Added Component: Designator=D5(DO-214AC_SOD128)
Added Component: Designator=D6(DO-214AC_SOD128)
Added Component: Designator=D7(DO-214AC_SOD128)
Added Component: Designator=D8(DO-214AC_SOD128)
Added Component: Designator=D9(DO-214AC_SOD128)
Added Component: Designator=D10(DO-214AC_SOD128)
Added Component: Designator=D11(DO-214AC_SOD128)
Added Component: Designator=D12(DO-214AC_SOD128)
Added Component: Designator=FID1(FID_1MM)
Added Component: Designator=FID2(FID_1MM)
Added Component: Designator=FID3(FID_1MM)
Added Component: Designator=J1(Jumper 2 pos SM)
Added Component: Designator=J2(MOLEX4POS_TERMBLOCK2POS)
Added Component: Designator=J3(MOLEX4POS_TERMBLOCK2POS)
Added Component: Designator=J4(MOLEX4POS_TERMBLOCK2POS)
Added Component: Designator=J5(MOLEX4POS_TERMBLOCK2POS)
Added Component: Designator=J6(MOLEX4POS_TERMBLOCK2POS)
Added Component: Designator=J7(MOLEX4POS_TERMBLOCK2POS)
Added Component: Designator=J8(MOLEX4POS_TERMBLOCK2POS)
Added Component: Designator=J9(Barrel 5.5mm 2.5mm)
Added Component: Designator=J10(MOLEX4POS_TERMBLOCK2POS)
Added Component: Designator=J11(MOLEX4POS_TERMBLOCK2POS)
Added Component: Designator=J12(MOLEX4POS_TERMBLOCK2POS)
Added Component: Designator=J13(Jumper 2 pos SM)
Added Component: Designator=J14(Jumper 2 pos SM)
Added Component: Designator=J15(Jumper 2 pos SM)
Added Component: Designator=J16(Jumper 2 pos SM)
Added Component: Designator=J17(Jumper 2 pos SM)
Added Component: Designator=J18(Jumper 2 pos SM)
Added Component: Designator=J19(Jumper 2 pos SM)
Added Component: Designator=J20(Jumper 2 pos SM)
Added Component: Designator=L1(BOURNS 12.5x12.5mm)
Added Component: Designator=L2(BOURNS 12.5x12.5mm)
Added Component: Designator=L3(BOURNS 12.5x12.5mm)
Added Component: Designator=L4(BOURNS 12.5x12.5mm)
Added Component: Designator=L5(BOURNS 12.5x12.5mm)
Added Component: Designator=L6(BOURNS 12.5x12.5mm)
Added Component: Designator=L7(BOURNS 12.5x12.5mm)
Added Component: Designator=L8(BOURNS 12.5x12.5mm)
Added Component: Designator=L9(BOURNS 12.5x12.5mm)
Added Component: Designator=MH1(MH_ENG_6-32)
Added Component: Designator=MH2(MH_ENG_6-32)
Added Component: Designator=MH3(MH_ENG_6-32)
Added Component: Designator=MH4(MH_ENG_6-32)
Added Component: Designator=PTC1(PTC - 1812)
Added Component: Designator=PTC2(PTC - 1812)
Added Component: Designator=PTC3(PTC - 1812)
Added Component: Designator=PTC4(PTC - 1812)
Added Component: Designator=PTC5(PTC - 1812)
Added Component: Designator=PTC6(PTC - 1812)
Added Component: Designator=PTC7(PTC - 1812)
Added Component: Designator=PTC8(PTC - 1812)
Added Component: Designator=PTC9(PTC - 1812)
Added Component: Designator=R1(FER_0805)
Added Component: Designator=R2(FER_0805)
Added Component: Designator=R3(FER_0805)
Added Component: Designator=R4(FER_0805)
Added Component: Designator=R5(FER_0805)
Added Component: Designator=R6(FER_0805)
Added Component: Designator=R7(FER_0805)
Added Component: Designator=R8(FER_0805)
Added Component: Designator=R9(FER_0805)
Added Component: Designator=R10(FER_0805)
Added Component: Designator=R11(FER_0805)
Added Component: Designator=R12(FER_0805)
Added Component: Designator=R13(FER_0805)
Added Component: Designator=R14(FER_0805)
Added Component: Designator=R15(FER_0805)
Added Component: Designator=R16(FER_0805)
Added Component: Designator=R17(FER_0805)
Added Component: Designator=R18(FER_0805)
Added Component: Designator=R19(FER_0805)
Added Component: Designator=R20(FER_0805)
Added Component: Designator=R21(FER_0805)
Added Component: Designator=R22(FER_0805)
Added Component: Designator=R23(FER_0805)
Added Component: Designator=R24(FER_0805)
Added Component: Designator=R25(FER_0805)
Added Component: Designator=R26(FER_0805)
Added Component: Designator=R27(FER_0805)
Added Component: Designator=R28(FER_0805)
Added Component: Designator=R29(FER_0805)
Added Component: Designator=R30(FER_0805)
Added Component: Designator=R31(FER_0805)
Added Component: Designator=R32(FER_0805)
Added Component: Designator=R33(FER_0805)
Added Component: Designator=R34(FER_0805)
Added Component: Designator=R35(FER_0805)
Added Component: Designator=R36(FER_0805)
Added Component: Designator=R37(FER_0805)
Added Component: Designator=R38(FER_0805)
Added Component: Designator=R39(FER_0805)
Added Component: Designator=R40(FER_0805)
Added Component: Designator=R41(FER_0805)
Added Component: Designator=R42(FER_0805)
Added Component: Designator=R43(FER_0805)
Added Component: Designator=R44(FER_0805)
Added Component: Designator=R45(FER_0805)
Added Component: Designator=R46(3361P)
Added Component: Designator=R47(FER_0805)
Added Component: Designator=R48(FER_0805)
Added Component: Designator=TP1(TestPoint 3X3mm)
Added Component: Designator=TP2(TestPoint 3X3mm)
Added Component: Designator=TP3(TestPoint 3X3mm)
Added Component: Designator=TP4(TestPoint 3X3mm)
Added Component: Designator=TP5(TestPoint 3X3mm)
Added Component: Designator=TP6(TestPoint 3X3mm)
Added Component: Designator=TP7(TestPoint 3X3mm)
Added Component: Designator=TP8(TestPoint 3X3mm)
Added Component: Designator=TP9(TestPoint 3X3mm)
Added Component: Designator=TP10(TestPoint 3X3mm)
Added Component: Designator=TP11(TestPoint 3X3mm)
Added Component: Designator=TP12(TestPoint 3X3mm)
Added Component: Designator=TP13(TestPoint 3X3mm)
Added Component: Designator=TP14(TestPoint 3X3mm)
Added Component: Designator=TP15(TestPoint 3X3mm)
Added Component: Designator=TP16(TestPoint 3X3mm)
Added Component: Designator=TP17(TestPoint 3X3mm)
Added Component: Designator=TP18(TestPoint 3X3mm)
Added Component: Designator=TP19(TestPoint 3X3mm)
Added Component: Designator=TP20(TestPoint 3X3mm)
Added Component: Designator=TP21(TestPoint 3X3mm)
Added Component: Designator=TP22(TestPoint 3X3mm)
Added Component: Designator=U1(14-TSSOP)
Added Component: Designator=U2(SOP8)
Added Component: Designator=U3(SOP8)
Added Component: Designator=U4(SOP8)
Added Component: Designator=U5(SOP8)
Added Component: Designator=U6(SOP8)
Added Component: Designator=U7(SOP8)
Added Component: Designator=U8(SOP8)
Added Component: Designator=U9(SOP8)
Added Pin To Net: NetName=NetC1_1 Pin=C1-1
Added Pin To Net: NetName=GND Pin=C1-2
Added Pin To Net: NetName=NetC1_1 Pin=C2-1
Added Pin To Net: NetName=GND Pin=C2-2
Added Pin To Net: NetName=NetC1_1 Pin=C3-1
Added Pin To Net: NetName=GND Pin=C3-2
Added Pin To Net: NetName=NetC1_1 Pin=C4-1
Added Pin To Net: NetName=GND Pin=C4-2
Added Pin To Net: NetName=NetC1_1 Pin=C5-1
Added Pin To Net: NetName=GND Pin=C5-2
Added Pin To Net: NetName=NetC1_1 Pin=C6-1
Added Pin To Net: NetName=GND Pin=C6-2
Added Pin To Net: NetName=NetC1_1 Pin=C7-1
Added Pin To Net: NetName=GND Pin=C7-2
Added Pin To Net: NetName=VBATT Pin=C8-1
Added Pin To Net: NetName=GND Pin=C8-2
Added Pin To Net: NetName=VBATT Pin=C9-1
Added Pin To Net: NetName=GND Pin=C9-2
Added Pin To Net: NetName=NetC10_1 Pin=C10-1
Added Pin To Net: NetName=GND Pin=C10-2
Added Pin To Net: NetName=NetC11_1 Pin=C11-1
Added Pin To Net: NetName=GND Pin=C11-2
Added Pin To Net: NetName=NetC12_1 Pin=C12-1
Added Pin To Net: NetName=GND Pin=C12-2
Added Pin To Net: NetName=VPIN Pin=C13-1
Added Pin To Net: NetName=GND Pin=C13-2
Added Pin To Net: NetName=NetC14_1 Pin=C14-1
Added Pin To Net: NetName=NetC14_2 Pin=C14-2
Added Pin To Net: NetName=NetC15_1 Pin=C15-1
Added Pin To Net: NetName=GND Pin=C15-2
Added Pin To Net: NetName=NetC15_1 Pin=C16-1
Added Pin To Net: NetName=GND Pin=C16-2
Added Pin To Net: NetName=NetC15_1 Pin=C17-1
Added Pin To Net: NetName=GND Pin=C17-2
Added Pin To Net: NetName=NetC18_1 Pin=C18-1
Added Pin To Net: NetName=NetC18_2 Pin=C18-2
Added Pin To Net: NetName=NetC19_1 Pin=C19-1
Added Pin To Net: NetName=GND Pin=C19-2
Added Pin To Net: NetName=NetC18_1 Pin=C20-1
Added Pin To Net: NetName=GND Pin=C20-2
Added Pin To Net: NetName=VPIN Pin=C21-1
Added Pin To Net: NetName=GND Pin=C21-2
Added Pin To Net: NetName=NetC22_1 Pin=C22-1
Added Pin To Net: NetName=NetC22_2 Pin=C22-2
Added Pin To Net: NetName=NetC23_1 Pin=C23-1
Added Pin To Net: NetName=GND Pin=C23-2
Added Pin To Net: NetName=NetC23_1 Pin=C24-1
Added Pin To Net: NetName=GND Pin=C24-2
Added Pin To Net: NetName=NetC23_1 Pin=C25-1
Added Pin To Net: NetName=GND Pin=C25-2
Added Pin To Net: NetName=NetC26_1 Pin=C26-1
Added Pin To Net: NetName=NetC26_2 Pin=C26-2
Added Pin To Net: NetName=NetC27_1 Pin=C27-1
Added Pin To Net: NetName=GND Pin=C27-2
Added Pin To Net: NetName=NetC26_1 Pin=C28-1
Added Pin To Net: NetName=GND Pin=C28-2
Added Pin To Net: NetName=VPIN Pin=C29-1
Added Pin To Net: NetName=GND Pin=C29-2
Added Pin To Net: NetName=NetC30_1 Pin=C30-1
Added Pin To Net: NetName=NetC30_2 Pin=C30-2
Added Pin To Net: NetName=NetC31_1 Pin=C31-1
Added Pin To Net: NetName=GND Pin=C31-2
Added Pin To Net: NetName=NetC31_1 Pin=C32-1
Added Pin To Net: NetName=GND Pin=C32-2
Added Pin To Net: NetName=NetC31_1 Pin=C33-1
Added Pin To Net: NetName=GND Pin=C33-2
Added Pin To Net: NetName=NetC34_1 Pin=C34-1
Added Pin To Net: NetName=NetC34_2 Pin=C34-2
Added Pin To Net: NetName=NetC35_1 Pin=C35-1
Added Pin To Net: NetName=GND Pin=C35-2
Added Pin To Net: NetName=NetC34_1 Pin=C36-1
Added Pin To Net: NetName=GND Pin=C36-2
Added Pin To Net: NetName=VPIN Pin=C37-1
Added Pin To Net: NetName=GND Pin=C37-2
Added Pin To Net: NetName=NetC38_1 Pin=C38-1
Added Pin To Net: NetName=NetC38_2 Pin=C38-2
Added Pin To Net: NetName=NetC39_1 Pin=C39-1
Added Pin To Net: NetName=GND Pin=C39-2
Added Pin To Net: NetName=NetC39_1 Pin=C40-1
Added Pin To Net: NetName=GND Pin=C40-2
Added Pin To Net: NetName=NetC39_1 Pin=C41-1
Added Pin To Net: NetName=GND Pin=C41-2
Added Pin To Net: NetName=NetC42_1 Pin=C42-1
Added Pin To Net: NetName=NetC42_2 Pin=C42-2
Added Pin To Net: NetName=NetC43_1 Pin=C43-1
Added Pin To Net: NetName=GND Pin=C43-2
Added Pin To Net: NetName=NetC42_1 Pin=C44-1
Added Pin To Net: NetName=GND Pin=C44-2
Added Pin To Net: NetName=VPIN Pin=C45-1
Added Pin To Net: NetName=GND Pin=C45-2
Added Pin To Net: NetName=NetC46_1 Pin=C46-1
Added Pin To Net: NetName=NetC46_2 Pin=C46-2
Added Pin To Net: NetName=NetC47_1 Pin=C47-1
Added Pin To Net: NetName=GND Pin=C47-2
Added Pin To Net: NetName=NetC47_1 Pin=C48-1
Added Pin To Net: NetName=GND Pin=C48-2
Added Pin To Net: NetName=NetC47_1 Pin=C49-1
Added Pin To Net: NetName=GND Pin=C49-2
Added Pin To Net: NetName=NetC50_1 Pin=C50-1
Added Pin To Net: NetName=NetC50_2 Pin=C50-2
Added Pin To Net: NetName=NetC51_1 Pin=C51-1
Added Pin To Net: NetName=GND Pin=C51-2
Added Pin To Net: NetName=NetC50_1 Pin=C52-1
Added Pin To Net: NetName=GND Pin=C52-2
Added Pin To Net: NetName=VPIN Pin=C53-1
Added Pin To Net: NetName=GND Pin=C53-2
Added Pin To Net: NetName=NetC54_1 Pin=C54-1
Added Pin To Net: NetName=NetC54_2 Pin=C54-2
Added Pin To Net: NetName=NetC55_1 Pin=C55-1
Added Pin To Net: NetName=GND Pin=C55-2
Added Pin To Net: NetName=NetC55_1 Pin=C56-1
Added Pin To Net: NetName=GND Pin=C56-2
Added Pin To Net: NetName=NetC55_1 Pin=C57-1
Added Pin To Net: NetName=GND Pin=C57-2
Added Pin To Net: NetName=NetC58_1 Pin=C58-1
Added Pin To Net: NetName=NetC58_2 Pin=C58-2
Added Pin To Net: NetName=NetC59_1 Pin=C59-1
Added Pin To Net: NetName=GND Pin=C59-2
Added Pin To Net: NetName=NetC58_1 Pin=C60-1
Added Pin To Net: NetName=GND Pin=C60-2
Added Pin To Net: NetName=VJACK Pin=C61-1
Added Pin To Net: NetName=GND Pin=C61-2
Added Pin To Net: NetName=NetC62_1 Pin=C62-1
Added Pin To Net: NetName=NetC62_2 Pin=C62-2
Added Pin To Net: NetName=NetC63_1 Pin=C63-1
Added Pin To Net: NetName=GND Pin=C63-2
Added Pin To Net: NetName=NetC63_1 Pin=C64-1
Added Pin To Net: NetName=GND Pin=C64-2
Added Pin To Net: NetName=NetC63_1 Pin=C65-1
Added Pin To Net: NetName=GND Pin=C65-2
Added Pin To Net: NetName=NetC66_1 Pin=C66-1
Added Pin To Net: NetName=NetC66_2 Pin=C66-2
Added Pin To Net: NetName=NetC67_1 Pin=C67-1
Added Pin To Net: NetName=GND Pin=C67-2
Added Pin To Net: NetName=NetC66_1 Pin=C68-1
Added Pin To Net: NetName=GND Pin=C68-2
Added Pin To Net: NetName=VPIN Pin=C69-1
Added Pin To Net: NetName=GND Pin=C69-2
Added Pin To Net: NetName=NetC70_1 Pin=C70-1
Added Pin To Net: NetName=NetC70_2 Pin=C70-2
Added Pin To Net: NetName=NetC71_1 Pin=C71-1
Added Pin To Net: NetName=GND Pin=C71-2
Added Pin To Net: NetName=NetC71_1 Pin=C72-1
Added Pin To Net: NetName=GND Pin=C72-2
Added Pin To Net: NetName=NetC71_1 Pin=C73-1
Added Pin To Net: NetName=GND Pin=C73-2
Added Pin To Net: NetName=NetC74_1 Pin=C74-1
Added Pin To Net: NetName=NetC74_2 Pin=C74-2
Added Pin To Net: NetName=NetC75_1 Pin=C75-1
Added Pin To Net: NetName=GND Pin=C75-2
Added Pin To Net: NetName=NetC74_1 Pin=C76-1
Added Pin To Net: NetName=GND Pin=C76-2
Added Pin To Net: NetName=NetD1_1 Pin=D1-1
Added Pin To Net: NetName=NetC1_1 Pin=D1-2
Added Pin To Net: NetName=NetD2_1 Pin=D2-1
Added Pin To Net: NetName=VJET Pin=D2-2
Added Pin To Net: NetName=VJACK Pin=D3-1
Added Pin To Net: NetName=VJACK Pin=D3-1
Added Pin To Net: NetName=VPIN Pin=D3-2
Added Pin To Net: NetName=VBATT Pin=D4-1
Added Pin To Net: NetName=VBATT Pin=D4-1
Added Pin To Net: NetName=VPIN Pin=D4-2
Added Pin To Net: NetName=NetD5_1 Pin=D5-1
Added Pin To Net: NetName=V5_1 Pin=D5-2
Added Pin To Net: NetName=NetD6_1 Pin=D6-1
Added Pin To Net: NetName=V5_2 Pin=D6-2
Added Pin To Net: NetName=NetD7_1 Pin=D7-1
Added Pin To Net: NetName=V5_3 Pin=D7-2
Added Pin To Net: NetName=NetD8_1 Pin=D8-1
Added Pin To Net: NetName=V5_4 Pin=D8-2
Added Pin To Net: NetName=NetD9_1 Pin=D9-1
Added Pin To Net: NetName=V12_1 Pin=D9-2
Added Pin To Net: NetName=NetD10_1 Pin=D10-1
Added Pin To Net: NetName=V12_2 Pin=D10-2
Added Pin To Net: NetName=NetD11_1 Pin=D11-1
Added Pin To Net: NetName=VBASE Pin=D11-2
Added Pin To Net: NetName=NetD12_1 Pin=D12-1
Added Pin To Net: NetName=VAR Pin=D12-2
Added Pin To Net: NetName=VBATT Pin=J1-1
Added Pin To Net: NetName=NetJ1_2 Pin=J1-2
Added Pin To Net: NetName=V12_1 Pin=J2-1
Added Pin To Net: NetName=GND Pin=J2-2
Added Pin To Net: NetName=V12_1 Pin=J2-3
Added Pin To Net: NetName=GND Pin=J2-4
Added Pin To Net: NetName=V12_1 Pin=J2-5
Added Pin To Net: NetName=GND Pin=J2-6
Added Pin To Net: NetName=V12_2 Pin=J3-1
Added Pin To Net: NetName=GND Pin=J3-2
Added Pin To Net: NetName=V12_2 Pin=J3-3
Added Pin To Net: NetName=GND Pin=J3-4
Added Pin To Net: NetName=V12_2 Pin=J3-5
Added Pin To Net: NetName=GND Pin=J3-6
Added Pin To Net: NetName=VBASE Pin=J4-1
Added Pin To Net: NetName=NetJ4_2 Pin=J4-2
Added Pin To Net: NetName=GND Pin=J4-4
Added Pin To Net: NetName=VBASE Pin=J4-5
Added Pin To Net: NetName=GND Pin=J4-6
Added Pin To Net: NetName=V5_1 Pin=J5-1
Added Pin To Net: NetName=GND Pin=J5-2
Added Pin To Net: NetName=V5_1 Pin=J5-3
Added Pin To Net: NetName=GND Pin=J5-4
Added Pin To Net: NetName=V5_1 Pin=J5-5
Added Pin To Net: NetName=GND Pin=J5-6
Added Pin To Net: NetName=V5_2 Pin=J6-1
Added Pin To Net: NetName=GND Pin=J6-2
Added Pin To Net: NetName=V5_2 Pin=J6-3
Added Pin To Net: NetName=GND Pin=J6-4
Added Pin To Net: NetName=V5_2 Pin=J6-5
Added Pin To Net: NetName=GND Pin=J6-6
Added Pin To Net: NetName=V5_3 Pin=J7-1
Added Pin To Net: NetName=GND Pin=J7-2
Added Pin To Net: NetName=V5_3 Pin=J7-3
Added Pin To Net: NetName=GND Pin=J7-4
Added Pin To Net: NetName=V5_3 Pin=J7-5
Added Pin To Net: NetName=GND Pin=J7-6
Added Pin To Net: NetName=V5_4 Pin=J8-1
Added Pin To Net: NetName=GND Pin=J8-2
Added Pin To Net: NetName=V5_4 Pin=J8-3
Added Pin To Net: NetName=GND Pin=J8-4
Added Pin To Net: NetName=V5_4 Pin=J8-5
Added Pin To Net: NetName=GND Pin=J8-6
Added Pin To Net: NetName=VJACK Pin=J9-1
Added Pin To Net: NetName=GND Pin=J9-2
Added Pin To Net: NetName=GND Pin=J9-3
Added Pin To Net: NetName=GND Pin=J9-3
Added Pin To Net: NetName=GND Pin=J9-3
Added Pin To Net: NetName=GND Pin=J9-3
Added Pin To Net: NetName=GND Pin=J9-3
Added Pin To Net: NetName=VAR Pin=J10-1
Added Pin To Net: NetName=GND Pin=J10-2
Added Pin To Net: NetName=VAR Pin=J10-3
Added Pin To Net: NetName=GND Pin=J10-4
Added Pin To Net: NetName=VAR Pin=J10-5
Added Pin To Net: NetName=GND Pin=J10-6
Added Pin To Net: NetName=VJET Pin=J11-1
Added Pin To Net: NetName=GND Pin=J11-2
Added Pin To Net: NetName=VJET Pin=J11-3
Added Pin To Net: NetName=GND Pin=J11-4
Added Pin To Net: NetName=VJET Pin=J11-5
Added Pin To Net: NetName=GND Pin=J11-6
Added Pin To Net: NetName=VBATT Pin=J12-1
Added Pin To Net: NetName=GND Pin=J12-2
Added Pin To Net: NetName=VBATT Pin=J12-3
Added Pin To Net: NetName=GND Pin=J12-4
Added Pin To Net: NetName=VBATT Pin=J12-5
Added Pin To Net: NetName=GND Pin=J12-6
Added Pin To Net: NetName=NetJ13_1 Pin=J13-1
Added Pin To Net: NetName=NetJ13_2 Pin=J13-2
Added Pin To Net: NetName=NetJ14_1 Pin=J14-1
Added Pin To Net: NetName=NetJ14_2 Pin=J14-2
Added Pin To Net: NetName=NetJ15_1 Pin=J15-1
Added Pin To Net: NetName=NetJ15_2 Pin=J15-2
Added Pin To Net: NetName=NetJ16_1 Pin=J16-1
Added Pin To Net: NetName=NetJ16_2 Pin=J16-2
Added Pin To Net: NetName=NetJ17_1 Pin=J17-1
Added Pin To Net: NetName=NetJ17_2 Pin=J17-2
Added Pin To Net: NetName=NetJ18_1 Pin=J18-1
Added Pin To Net: NetName=NetJ18_2 Pin=J18-2
Added Pin To Net: NetName=NetJ19_1 Pin=J19-1
Added Pin To Net: NetName=NetJ19_2 Pin=J19-2
Added Pin To Net: NetName=NetJ20_1 Pin=J20-1
Added Pin To Net: NetName=NetJ20_2 Pin=J20-2
Added Pin To Net: NetName=VBATT Pin=L1-1
Added Pin To Net: NetName=NetD1_1 Pin=L1-2
Added Pin To Net: NetName=NetC14_2 Pin=L2-1
Added Pin To Net: NetName=NetC15_1 Pin=L2-2
Added Pin To Net: NetName=NetC22_2 Pin=L3-1
Added Pin To Net: NetName=NetC23_1 Pin=L3-2
Added Pin To Net: NetName=NetC30_2 Pin=L4-1
Added Pin To Net: NetName=NetC31_1 Pin=L4-2
Added Pin To Net: NetName=NetC38_2 Pin=L5-1
Added Pin To Net: NetName=NetC39_1 Pin=L5-2
Added Pin To Net: NetName=NetC46_2 Pin=L6-1
Added Pin To Net: NetName=NetC47_1 Pin=L6-2
Added Pin To Net: NetName=NetC54_2 Pin=L7-1
Added Pin To Net: NetName=NetC55_1 Pin=L7-2
Added Pin To Net: NetName=NetC62_2 Pin=L8-1
Added Pin To Net: NetName=NetC63_1 Pin=L8-2
Added Pin To Net: NetName=NetC70_2 Pin=L9-1
Added Pin To Net: NetName=NetC71_1 Pin=L9-2
Added Pin To Net: NetName=GND Pin=MH1-1
Added Pin To Net: NetName=GND Pin=MH2-1
Added Pin To Net: NetName=GND Pin=MH3-1
Added Pin To Net: NetName=GND Pin=MH4-1
Added Pin To Net: NetName=NetPTC1_1 Pin=PTC1-1
Added Pin To Net: NetName=NetD2_1 Pin=PTC1-2
Added Pin To Net: NetName=NetPTC2_1 Pin=PTC2-1
Added Pin To Net: NetName=NetD5_1 Pin=PTC2-2
Added Pin To Net: NetName=NetPTC3_1 Pin=PTC3-1
Added Pin To Net: NetName=NetD6_1 Pin=PTC3-2
Added Pin To Net: NetName=NetPTC4_1 Pin=PTC4-1
Added Pin To Net: NetName=NetD7_1 Pin=PTC4-2
Added Pin To Net: NetName=NetPTC5_1 Pin=PTC5-1
Added Pin To Net: NetName=NetD8_1 Pin=PTC5-2
Added Pin To Net: NetName=NetPTC6_1 Pin=PTC6-1
Added Pin To Net: NetName=NetD9_1 Pin=PTC6-2
Added Pin To Net: NetName=NetPTC7_1 Pin=PTC7-1
Added Pin To Net: NetName=NetD10_1 Pin=PTC7-2
Added Pin To Net: NetName=NetPTC8_1 Pin=PTC8-1
Added Pin To Net: NetName=NetD11_1 Pin=PTC8-2
Added Pin To Net: NetName=NetPTC9_1 Pin=PTC9-1
Added Pin To Net: NetName=NetD12_1 Pin=PTC9-2
Added Pin To Net: NetName=NetC1_1 Pin=R1-1
Added Pin To Net: NetName=NetPTC1_1 Pin=R1-2
Added Pin To Net: NetName=NetC1_1 Pin=R2-1
Added Pin To Net: NetName=NetR2_2 Pin=R2-2
Added Pin To Net: NetName=NetR2_2 Pin=R3-1
Added Pin To Net: NetName=NetR3_2 Pin=R3-2
Added Pin To Net: NetName=NetR3_2 Pin=R4-1
Added Pin To Net: NetName=GND Pin=R4-2
Added Pin To Net: NetName=NetC11_1 Pin=R5-1
Added Pin To Net: NetName=NetC12_1 Pin=R5-2
Added Pin To Net: NetName=NetR6_1 Pin=R6-1
Added Pin To Net: NetName=GND Pin=R6-2
Added Pin To Net: NetName=NetJ4_2 Pin=R7-1
Added Pin To Net: NetName=GND Pin=R7-2
Added Pin To Net: NetName=VPIN Pin=R8-1
Added Pin To Net: NetName=NetJ13_1 Pin=R8-2
Added Pin To Net: NetName=NetC15_1 Pin=R9-1
Added Pin To Net: NetName=NetPTC2_1 Pin=R9-2
Added Pin To Net: NetName=NetC15_1 Pin=R10-1
Added Pin To Net: NetName=NetR10_2 Pin=R10-2
Added Pin To Net: NetName=NetC18_2 Pin=R11-1
Added Pin To Net: NetName=GND Pin=R11-2
Added Pin To Net: NetName=NetR10_2 Pin=R12-1
Added Pin To Net: NetName=GND Pin=R12-2
Added Pin To Net: NetName=VPIN Pin=R13-1
Added Pin To Net: NetName=NetJ14_1 Pin=R13-2
Added Pin To Net: NetName=NetC23_1 Pin=R14-1
Added Pin To Net: NetName=NetPTC3_1 Pin=R14-2
Added Pin To Net: NetName=NetC23_1 Pin=R15-1
Added Pin To Net: NetName=NetR15_2 Pin=R15-2
Added Pin To Net: NetName=NetC26_2 Pin=R16-1
Added Pin To Net: NetName=GND Pin=R16-2
Added Pin To Net: NetName=NetR15_2 Pin=R17-1
Added Pin To Net: NetName=GND Pin=R17-2
Added Pin To Net: NetName=VPIN Pin=R18-1
Added Pin To Net: NetName=NetJ15_1 Pin=R18-2
Added Pin To Net: NetName=NetC31_1 Pin=R19-1
Added Pin To Net: NetName=NetPTC4_1 Pin=R19-2
Added Pin To Net: NetName=NetC31_1 Pin=R20-1
Added Pin To Net: NetName=NetR20_2 Pin=R20-2
Added Pin To Net: NetName=NetC34_2 Pin=R21-1
Added Pin To Net: NetName=GND Pin=R21-2
Added Pin To Net: NetName=NetR20_2 Pin=R22-1
Added Pin To Net: NetName=GND Pin=R22-2
Added Pin To Net: NetName=VPIN Pin=R23-1
Added Pin To Net: NetName=NetJ16_1 Pin=R23-2
Added Pin To Net: NetName=NetC39_1 Pin=R24-1
Added Pin To Net: NetName=NetPTC5_1 Pin=R24-2
Added Pin To Net: NetName=NetC39_1 Pin=R25-1
Added Pin To Net: NetName=NetR25_2 Pin=R25-2
Added Pin To Net: NetName=NetC42_2 Pin=R26-1
Added Pin To Net: NetName=GND Pin=R26-2
Added Pin To Net: NetName=NetR25_2 Pin=R27-1
Added Pin To Net: NetName=GND Pin=R27-2
Added Pin To Net: NetName=NetJ17_1 Pin=R28-1
Added Pin To Net: NetName=VPIN Pin=R28-2
Added Pin To Net: NetName=NetC47_1 Pin=R29-1
Added Pin To Net: NetName=NetPTC6_1 Pin=R29-2
Added Pin To Net: NetName=NetR30_2 Pin=R30-2
Added Pin To Net: NetName=NetC50_2 Pin=R31-1
Added Pin To Net: NetName=GND Pin=R31-2
Added Pin To Net: NetName=NetR30_2 Pin=R32-1
Added Pin To Net: NetName=GND Pin=R32-2
Added Pin To Net: NetName=NetJ18_1 Pin=R33-1
Added Pin To Net: NetName=VPIN Pin=R33-2
Added Pin To Net: NetName=NetC55_1 Pin=R34-1
Added Pin To Net: NetName=NetPTC7_1 Pin=R34-2
Added Pin To Net: NetName=NetR35_2 Pin=R35-2
Added Pin To Net: NetName=NetC58_2 Pin=R36-1
Added Pin To Net: NetName=GND Pin=R36-2
Added Pin To Net: NetName=NetR35_2 Pin=R37-1
Added Pin To Net: NetName=GND Pin=R37-2
Added Pin To Net: NetName=NetJ19_1 Pin=R38-1
Added Pin To Net: NetName=VJACK Pin=R38-2
Added Pin To Net: NetName=NetC63_1 Pin=R39-1
Added Pin To Net: NetName=NetPTC8_1 Pin=R39-2
Added Pin To Net: NetName=NetC63_1 Pin=R40-1
Added Pin To Net: NetName=NetR40_2 Pin=R40-2
Added Pin To Net: NetName=NetC66_2 Pin=R41-1
Added Pin To Net: NetName=GND Pin=R41-2
Added Pin To Net: NetName=NetR40_2 Pin=R42-1
Added Pin To Net: NetName=GND Pin=R42-2
Added Pin To Net: NetName=VPIN Pin=R43-1
Added Pin To Net: NetName=NetJ20_1 Pin=R43-2
Added Pin To Net: NetName=NetC71_1 Pin=R44-1
Added Pin To Net: NetName=NetPTC9_1 Pin=R44-2
Added Pin To Net: NetName=NetC71_1 Pin=R45-1
Added Pin To Net: NetName=NetR45_2 Pin=R45-2
Added Pin To Net: NetName=NetR45_2 Pin=R46-1
Added Pin To Net: NetName=NetR46_2 Pin=R46-2
Added Pin To Net: NetName=NetR45_2 Pin=R46-3
Added Pin To Net: NetName=NetR46_2 Pin=R47-1
Added Pin To Net: NetName=GND Pin=R47-2
Added Pin To Net: NetName=GND Pin=R48-1
Added Pin To Net: NetName=NetC74_2 Pin=R48-2
Added Pin To Net: NetName=GND Pin=TP1-1
Added Pin To Net: NetName=NetC1_1 Pin=TP2-1
Added Pin To Net: NetName=NetPTC1_1 Pin=TP3-1
Added Pin To Net: NetName=GND Pin=TP4-1
Added Pin To Net: NetName=NetC15_1 Pin=TP5-1
Added Pin To Net: NetName=NetPTC2_1 Pin=TP6-1
Added Pin To Net: NetName=NetC23_1 Pin=TP7-1
Added Pin To Net: NetName=NetPTC3_1 Pin=TP8-1
Added Pin To Net: NetName=NetC31_1 Pin=TP9-1
Added Pin To Net: NetName=NetPTC4_1 Pin=TP10-1
Added Pin To Net: NetName=NetC39_1 Pin=TP11-1
Added Pin To Net: NetName=NetPTC5_1 Pin=TP12-1
Added Pin To Net: NetName=GND Pin=TP13-1
Added Pin To Net: NetName=NetC47_1 Pin=TP14-1
Added Pin To Net: NetName=NetPTC6_1 Pin=TP15-1
Added Pin To Net: NetName=NetC55_1 Pin=TP16-1
Added Pin To Net: NetName=NetPTC7_1 Pin=TP17-1
Added Pin To Net: NetName=GND Pin=TP18-1
Added Pin To Net: NetName=NetC63_1 Pin=TP19-1
Added Pin To Net: NetName=NetPTC8_1 Pin=TP20-1
Added Pin To Net: NetName=NetC71_1 Pin=TP21-1
Added Pin To Net: NetName=NetPTC9_1 Pin=TP22-1
Added Pin To Net: NetName=NetD1_1 Pin=U1-1
Added Pin To Net: NetName=NetD1_1 Pin=U1-2
Added Pin To Net: NetName=VBATT Pin=U1-3
Added Pin To Net: NetName=NetJ1_2 Pin=U1-4
Added Pin To Net: NetName=NetC10_1 Pin=U1-5
Added Pin To Net: NetName=GND Pin=U1-6
Added Pin To Net: NetName=GND Pin=U1-7
Added Pin To Net: NetName=NetC11_1 Pin=U1-8
Added Pin To Net: NetName=NetR3_2 Pin=U1-9
Added Pin To Net: NetName=NetR6_1 Pin=U1-10
Added Pin To Net: NetName=GND Pin=U1-11
Added Pin To Net: NetName=GND Pin=U1-12
Added Pin To Net: NetName=GND Pin=U1-13
Added Pin To Net: NetName=GND Pin=U1-14
Added Pin To Net: NetName=GND Pin=U1-15
Added Pin To Net: NetName=NetC14_1 Pin=U2-1
Added Pin To Net: NetName=VPIN Pin=U2-2
Added Pin To Net: NetName=NetC14_2 Pin=U2-3
Added Pin To Net: NetName=GND Pin=U2-4
Added Pin To Net: NetName=NetR10_2 Pin=U2-5
Added Pin To Net: NetName=NetC18_1 Pin=U2-6
Added Pin To Net: NetName=NetJ13_2 Pin=U2-7
Added Pin To Net: NetName=NetC19_1 Pin=U2-8
Added Pin To Net: NetName=GND Pin=U2-9
Added Pin To Net: NetName=NetC22_1 Pin=U3-1
Added Pin To Net: NetName=VPIN Pin=U3-2
Added Pin To Net: NetName=NetC22_2 Pin=U3-3
Added Pin To Net: NetName=GND Pin=U3-4
Added Pin To Net: NetName=NetR15_2 Pin=U3-5
Added Pin To Net: NetName=NetC26_1 Pin=U3-6
Added Pin To Net: NetName=NetJ14_2 Pin=U3-7
Added Pin To Net: NetName=NetC27_1 Pin=U3-8
Added Pin To Net: NetName=GND Pin=U3-9
Added Pin To Net: NetName=NetC30_1 Pin=U4-1
Added Pin To Net: NetName=VPIN Pin=U4-2
Added Pin To Net: NetName=NetC30_2 Pin=U4-3
Added Pin To Net: NetName=GND Pin=U4-4
Added Pin To Net: NetName=NetR20_2 Pin=U4-5
Added Pin To Net: NetName=NetC34_1 Pin=U4-6
Added Pin To Net: NetName=NetJ15_2 Pin=U4-7
Added Pin To Net: NetName=NetC35_1 Pin=U4-8
Added Pin To Net: NetName=GND Pin=U4-9
Added Pin To Net: NetName=NetC38_1 Pin=U5-1
Added Pin To Net: NetName=VPIN Pin=U5-2
Added Pin To Net: NetName=NetC38_2 Pin=U5-3
Added Pin To Net: NetName=GND Pin=U5-4
Added Pin To Net: NetName=NetR25_2 Pin=U5-5
Added Pin To Net: NetName=NetC42_1 Pin=U5-6
Added Pin To Net: NetName=NetJ16_2 Pin=U5-7
Added Pin To Net: NetName=NetC43_1 Pin=U5-8
Added Pin To Net: NetName=GND Pin=U5-9
Added Pin To Net: NetName=NetC46_1 Pin=U6-1
Added Pin To Net: NetName=VPIN Pin=U6-2
Added Pin To Net: NetName=NetC46_2 Pin=U6-3
Added Pin To Net: NetName=GND Pin=U6-4
Added Pin To Net: NetName=NetR30_2 Pin=U6-5
Added Pin To Net: NetName=NetC50_1 Pin=U6-6
Added Pin To Net: NetName=NetJ17_2 Pin=U6-7
Added Pin To Net: NetName=NetC51_1 Pin=U6-8
Added Pin To Net: NetName=GND Pin=U6-9
Added Pin To Net: NetName=NetC54_1 Pin=U7-1
Added Pin To Net: NetName=VPIN Pin=U7-2
Added Pin To Net: NetName=NetC54_2 Pin=U7-3
Added Pin To Net: NetName=GND Pin=U7-4
Added Pin To Net: NetName=NetR35_2 Pin=U7-5
Added Pin To Net: NetName=NetC58_1 Pin=U7-6
Added Pin To Net: NetName=NetJ18_2 Pin=U7-7
Added Pin To Net: NetName=NetC59_1 Pin=U7-8
Added Pin To Net: NetName=GND Pin=U7-9
Added Pin To Net: NetName=NetC62_1 Pin=U8-1
Added Pin To Net: NetName=VJACK Pin=U8-2
Added Pin To Net: NetName=NetC62_2 Pin=U8-3
Added Pin To Net: NetName=GND Pin=U8-4
Added Pin To Net: NetName=NetR40_2 Pin=U8-5
Added Pin To Net: NetName=NetC66_1 Pin=U8-6
Added Pin To Net: NetName=NetJ19_2 Pin=U8-7
Added Pin To Net: NetName=NetC67_1 Pin=U8-8
Added Pin To Net: NetName=GND Pin=U8-9
Added Pin To Net: NetName=NetC70_1 Pin=U9-1
Added Pin To Net: NetName=VPIN Pin=U9-2
Added Pin To Net: NetName=NetC70_2 Pin=U9-3
Added Pin To Net: NetName=GND Pin=U9-4
Added Pin To Net: NetName=NetR46_2 Pin=U9-5
Added Pin To Net: NetName=NetC74_1 Pin=U9-6
Added Pin To Net: NetName=NetJ20_2 Pin=U9-7
Added Pin To Net: NetName=NetC75_1 Pin=U9-8
Added Pin To Net: NetName=GND Pin=U9-9
Added Member To Class: ClassName=Buck Boost 19V Member=Component C1 CAP ALU - 6.3mm
Added Member To Class: ClassName=Buck Boost 19V Member=Component C2 CAP - 1206
Added Member To Class: ClassName=Buck Boost 19V Member=Component C3 CAP - 1206
Added Member To Class: ClassName=Buck Boost 19V Member=Component C4 CAP - 1206
Added Member To Class: ClassName=Buck Boost 19V Member=Component C5 CAP - 1206
Added Member To Class: ClassName=Buck Boost 19V Member=Component C6 CAP - 1206
Added Member To Class: ClassName=Buck Boost 19V Member=Component C7 CAP - 1206
Added Member To Class: ClassName=Buck Boost 19V Member=Component C8 CAP ALU - 6.3mm
Added Member To Class: ClassName=Buck Boost 19V Member=Component C9 CAP - 1206
Added Member To Class: ClassName=Buck Boost 19V Member=Component C10 CAP - 0805
Added Member To Class: ClassName=Buck Boost 19V Member=Component C11 CAP - 0805
Added Member To Class: ClassName=Buck Boost 19V Member=Component C12 CAP - 0805
Added Member To Class: ClassName=DC_DC_5V_1 Member=Component C13 CAP - 1206
Added Member To Class: ClassName=DC_DC_5V_1 Member=Component C14 CAP - 0805
Added Member To Class: ClassName=DC_DC_5V_1 Member=Component C15 CAP ALU - 6.3mm
Added Member To Class: ClassName=DC_DC_5V_1 Member=Component C16 CAP - 1206
Added Member To Class: ClassName=DC_DC_5V_1 Member=Component C17 CAP - 1206
Added Member To Class: ClassName=DC_DC_5V_1 Member=Component C18 CAP - 0805
Added Member To Class: ClassName=DC_DC_5V_1 Member=Component C19 CAP - 0805
Added Member To Class: ClassName=DC_DC_5V_1 Member=Component C20 CAP - 0805
Added Member To Class: ClassName=DC_DC_5V_1 Member=Component C21 CAP - 1206
Added Member To Class: ClassName=DC_DC_5V_1 Member=Component C22 CAP - 0805
Added Member To Class: ClassName=DC_DC_5V_1 Member=Component C23 CAP ALU - 6.3mm
Added Member To Class: ClassName=DC_DC_5V_1 Member=Component C24 CAP - 1206
Added Member To Class: ClassName=DC_DC_5V_1 Member=Component C25 CAP - 1206
Added Member To Class: ClassName=DC_DC_5V_1 Member=Component C26 CAP - 0805
Added Member To Class: ClassName=DC_DC_5V_1 Member=Component C27 CAP - 0805
Added Member To Class: ClassName=DC_DC_5V_1 Member=Component C28 CAP - 0805
Added Member To Class: ClassName=DC_DC_5V_2 Member=Component C29 CAP - 1206
Added Member To Class: ClassName=DC_DC_5V_2 Member=Component C30 CAP - 0805
Added Member To Class: ClassName=DC_DC_5V_2 Member=Component C31 CAP ALU - 6.3mm
Added Member To Class: ClassName=DC_DC_5V_2 Member=Component C32 CAP - 1206
Added Member To Class: ClassName=DC_DC_5V_2 Member=Component C33 CAP - 1206
Added Member To Class: ClassName=DC_DC_5V_2 Member=Component C34 CAP - 0805
Added Member To Class: ClassName=DC_DC_5V_2 Member=Component C35 CAP - 0805
Added Member To Class: ClassName=DC_DC_5V_2 Member=Component C36 CAP - 0805
Added Member To Class: ClassName=DC_DC_5V_2 Member=Component C37 CAP - 1206
Added Member To Class: ClassName=DC_DC_5V_2 Member=Component C38 CAP - 0805
Added Member To Class: ClassName=DC_DC_5V_2 Member=Component C39 CAP ALU - 6.3mm
Added Member To Class: ClassName=DC_DC_5V_2 Member=Component C40 CAP - 1206
Added Member To Class: ClassName=DC_DC_5V_2 Member=Component C41 CAP - 1206
Added Member To Class: ClassName=DC_DC_5V_2 Member=Component C42 CAP - 0805
Added Member To Class: ClassName=DC_DC_5V_2 Member=Component C43 CAP - 0805
Added Member To Class: ClassName=DC_DC_5V_2 Member=Component C44 CAP - 0805
Added Member To Class: ClassName=DC_DC_12V Member=Component C45 CAP - 1206
Added Member To Class: ClassName=DC_DC_12V Member=Component C46 CAP - 0805
Added Member To Class: ClassName=DC_DC_12V Member=Component C47 CAP ALU - 6.3mm
Added Member To Class: ClassName=DC_DC_12V Member=Component C48 CAP - 1206
Added Member To Class: ClassName=DC_DC_12V Member=Component C49 CAP - 1206
Added Member To Class: ClassName=DC_DC_12V Member=Component C50 CAP - 0805
Added Member To Class: ClassName=DC_DC_12V Member=Component C51 CAP - 0805
Added Member To Class: ClassName=DC_DC_12V Member=Component C52 CAP - 0805
Added Member To Class: ClassName=DC_DC_12V Member=Component C53 CAP - 1206
Added Member To Class: ClassName=DC_DC_12V Member=Component C54 CAP - 0805
Added Member To Class: ClassName=DC_DC_12V Member=Component C55 CAP ALU - 6.3mm
Added Member To Class: ClassName=DC_DC_12V Member=Component C56 CAP - 1206
Added Member To Class: ClassName=DC_DC_12V Member=Component C57 CAP - 1206
Added Member To Class: ClassName=DC_DC_12V Member=Component C58 CAP - 0805
Added Member To Class: ClassName=DC_DC_12V Member=Component C59 CAP - 0805
Added Member To Class: ClassName=DC_DC_12V Member=Component C60 CAP - 0805
Added Member To Class: ClassName=DC_DC_15V_AND_VAR Member=Component C61 CAP - 1206
Added Member To Class: ClassName=DC_DC_15V_AND_VAR Member=Component C62 CAP - 0805
Added Member To Class: ClassName=DC_DC_15V_AND_VAR Member=Component C63 CAP ALU - 6.3mm
Added Member To Class: ClassName=DC_DC_15V_AND_VAR Member=Component C64 CAP - 1206
Added Member To Class: ClassName=DC_DC_15V_AND_VAR Member=Component C65 CAP - 1206
Added Member To Class: ClassName=DC_DC_15V_AND_VAR Member=Component C66 CAP - 0805
Added Member To Class: ClassName=DC_DC_15V_AND_VAR Member=Component C67 CAP - 0805
Added Member To Class: ClassName=DC_DC_15V_AND_VAR Member=Component C68 CAP - 0805
Added Member To Class: ClassName=DC_DC_15V_AND_VAR Member=Component C69 CAP - 1206
Added Member To Class: ClassName=DC_DC_15V_AND_VAR Member=Component C70 CAP - 0805
Added Member To Class: ClassName=DC_DC_15V_AND_VAR Member=Component C71 CAP ALU - 6.3mm
Added Member To Class: ClassName=DC_DC_15V_AND_VAR Member=Component C72 CAP - 1206
Added Member To Class: ClassName=DC_DC_15V_AND_VAR Member=Component C73 CAP - 1206
Added Member To Class: ClassName=DC_DC_15V_AND_VAR Member=Component C74 CAP - 0805
Added Member To Class: ClassName=DC_DC_15V_AND_VAR Member=Component C75 CAP - 0805
Added Member To Class: ClassName=DC_DC_15V_AND_VAR Member=Component C76 CAP - 0805
Added Member To Class: ClassName=Buck Boost 19V Member=Component D1 SCHOTTKEY
Added Member To Class: ClassName=Buck Boost 19V Member=Component D2 SCHOTTKEY
Added Member To Class: ClassName=Connectors Member=Component D3 SCHOTTKEY
Added Member To Class: ClassName=Connectors Member=Component D4 SCHOTTKEY
Added Member To Class: ClassName=DC_DC_5V_1 Member=Component D5 SCHOTTKEY
Added Member To Class: ClassName=DC_DC_5V_1 Member=Component D6 SCHOTTKEY
Added Member To Class: ClassName=DC_DC_5V_2 Member=Component D7 SCHOTTKEY
Added Member To Class: ClassName=DC_DC_5V_2 Member=Component D8 SCHOTTKEY
Added Member To Class: ClassName=DC_DC_12V Member=Component D9 SCHOTTKEY
Added Member To Class: ClassName=DC_DC_12V Member=Component D10 SCHOTTKEY
Added Member To Class: ClassName=DC_DC_15V_AND_VAR Member=Component D11 SCHOTTKEY
Added Member To Class: ClassName=DC_DC_15V_AND_VAR Member=Component D12 SCHOTTKEY
Added Member To Class: ClassName=Title Member=Component FID1 Fiducial 1mm
Added Member To Class: ClassName=Title Member=Component FID2 Fiducial 1mm
Added Member To Class: ClassName=Title Member=Component FID3 Fiducial 1mm
Added Member To Class: ClassName=Buck Boost 19V Member=Component J1 Header 2 pin SM
Added Member To Class: ClassName=Connectors Member=Component J2 MOLEX 4 POS - TERMINAL BLOCK 2 POS
Added Member To Class: ClassName=Connectors Member=Component J3 MOLEX 4 POS - TERMINAL BLOCK 2 POS
Added Member To Class: ClassName=Connectors Member=Component J4 MOLEX 4 POS - TERMINAL BLOCK 2 POS
Added Member To Class: ClassName=Connectors Member=Component J5 MOLEX 4 POS - TERMINAL BLOCK 2 POS
Added Member To Class: ClassName=Connectors Member=Component J6 MOLEX 4 POS - TERMINAL BLOCK 2 POS
Added Member To Class: ClassName=Connectors Member=Component J7 MOLEX 4 POS - TERMINAL BLOCK 2 POS
Added Member To Class: ClassName=Connectors Member=Component J8 MOLEX 4 POS - TERMINAL BLOCK 2 POS
Added Member To Class: ClassName=Connectors Member=Component J9 Barrel 5.5x2.5mm
Added Member To Class: ClassName=Connectors Member=Component J10 MOLEX 4 POS - TERMINAL BLOCK 2 POS
Added Member To Class: ClassName=Connectors Member=Component J11 MOLEX 4 POS - TERMINAL BLOCK 2 POS
Added Member To Class: ClassName=Connectors Member=Component J12 MOLEX 4 POS - TERMINAL BLOCK 2 POS
Added Member To Class: ClassName=DC_DC_5V_1 Member=Component J13 Header 2 pin SM
Added Member To Class: ClassName=DC_DC_5V_1 Member=Component J14 Header 2 pin SM
Added Member To Class: ClassName=DC_DC_5V_2 Member=Component J15 Header 2 pin SM
Added Member To Class: ClassName=DC_DC_5V_2 Member=Component J16 Header 2 pin SM
Added Member To Class: ClassName=DC_DC_12V Member=Component J17 Header 2 pin SM
Added Member To Class: ClassName=DC_DC_12V Member=Component J18 Header 2 pin SM
Added Member To Class: ClassName=DC_DC_15V_AND_VAR Member=Component J19 Header 2 pin SM
Added Member To Class: ClassName=DC_DC_15V_AND_VAR Member=Component J20 Header 2 pin SM
Added Member To Class: ClassName=Buck Boost 19V Member=Component L1 IND
Added Member To Class: ClassName=DC_DC_5V_1 Member=Component L2 IND
Added Member To Class: ClassName=DC_DC_5V_1 Member=Component L3 IND
Added Member To Class: ClassName=DC_DC_5V_2 Member=Component L4 IND
Added Member To Class: ClassName=DC_DC_5V_2 Member=Component L5 IND
Added Member To Class: ClassName=DC_DC_12V Member=Component L6 IND
Added Member To Class: ClassName=DC_DC_12V Member=Component L7 IND
Added Member To Class: ClassName=DC_DC_15V_AND_VAR Member=Component L8 IND
Added Member To Class: ClassName=DC_DC_15V_AND_VAR Member=Component L9 IND
Added Member To Class: ClassName=Title Member=Component MH1 Mounting Hole 6/32
Added Member To Class: ClassName=Title Member=Component MH2 Mounting Hole 6/32
Added Member To Class: ClassName=Title Member=Component MH3 Mounting Hole 6/32
Added Member To Class: ClassName=Title Member=Component MH4 Mounting Hole 6/32
Added Member To Class: ClassName=Buck Boost 19V Member=Component PTC1 PTC - 1812
Added Member To Class: ClassName=DC_DC_5V_1 Member=Component PTC2 PTC - 1812
Added Member To Class: ClassName=DC_DC_5V_1 Member=Component PTC3 PTC - 1812
Added Member To Class: ClassName=DC_DC_5V_2 Member=Component PTC4 PTC - 1812
Added Member To Class: ClassName=DC_DC_5V_2 Member=Component PTC5 PTC - 1812
Added Member To Class: ClassName=DC_DC_12V Member=Component PTC6 PTC - 1812
Added Member To Class: ClassName=DC_DC_12V Member=Component PTC7 PTC - 1812
Added Member To Class: ClassName=DC_DC_15V_AND_VAR Member=Component PTC8 PTC - 1812
Added Member To Class: ClassName=DC_DC_15V_AND_VAR Member=Component PTC9 PTC - 1812
Added Member To Class: ClassName=Buck Boost 19V Member=Component R1 RES - 0805
Added Member To Class: ClassName=Buck Boost 19V Member=Component R2 RES - 0805
Added Member To Class: ClassName=Buck Boost 19V Member=Component R3 RES - 0805
Added Member To Class: ClassName=Buck Boost 19V Member=Component R4 RES - 0805
Added Member To Class: ClassName=Buck Boost 19V Member=Component R5 RES - 0805
Added Member To Class: ClassName=Buck Boost 19V Member=Component R6 RES - 0805
Added Member To Class: ClassName=Connectors Member=Component R7 RES - 0805
Added Member To Class: ClassName=DC_DC_5V_1 Member=Component R8 RES - 0805
Added Member To Class: ClassName=DC_DC_5V_1 Member=Component R9 RES - 0805
Added Member To Class: ClassName=DC_DC_5V_1 Member=Component R10 RES - 0805
Added Member To Class: ClassName=DC_DC_5V_1 Member=Component R11 RES - 0805
Added Member To Class: ClassName=DC_DC_5V_1 Member=Component R12 RES - 0805
Added Member To Class: ClassName=DC_DC_5V_1 Member=Component R13 RES - 0805
Added Member To Class: ClassName=DC_DC_5V_1 Member=Component R14 RES - 0805
Added Member To Class: ClassName=DC_DC_5V_1 Member=Component R15 RES - 0805
Added Member To Class: ClassName=DC_DC_5V_1 Member=Component R16 RES - 0805
Added Member To Class: ClassName=DC_DC_5V_1 Member=Component R17 RES - 0805
Added Member To Class: ClassName=DC_DC_5V_2 Member=Component R18 RES - 0805
Added Member To Class: ClassName=DC_DC_5V_2 Member=Component R19 RES - 0805
Added Member To Class: ClassName=DC_DC_5V_2 Member=Component R20 RES - 0805
Added Member To Class: ClassName=DC_DC_5V_2 Member=Component R21 RES - 0805
Added Member To Class: ClassName=DC_DC_5V_2 Member=Component R22 RES - 0805
Added Member To Class: ClassName=DC_DC_5V_2 Member=Component R23 RES - 0805
Added Member To Class: ClassName=DC_DC_5V_2 Member=Component R24 RES - 0805
Added Member To Class: ClassName=DC_DC_5V_2 Member=Component R25 RES - 0805
Added Member To Class: ClassName=DC_DC_5V_2 Member=Component R26 RES - 0805
Added Member To Class: ClassName=DC_DC_5V_2 Member=Component R27 RES - 0805
Added Member To Class: ClassName=DC_DC_12V Member=Component R28 RES - 0805
Added Member To Class: ClassName=DC_DC_12V Member=Component R29 RES - 0805
Added Member To Class: ClassName=DC_DC_12V Member=Component R30 RES - 0805
Added Member To Class: ClassName=DC_DC_12V Member=Component R31 RES - 0805
Added Member To Class: ClassName=DC_DC_12V Member=Component R32 RES - 0805
Added Member To Class: ClassName=DC_DC_12V Member=Component R33 RES - 0805
Added Member To Class: ClassName=DC_DC_12V Member=Component R34 RES - 0805
Added Member To Class: ClassName=DC_DC_12V Member=Component R35 RES - 0805
Added Member To Class: ClassName=DC_DC_12V Member=Component R36 RES - 0805
Added Member To Class: ClassName=DC_DC_12V Member=Component R37 RES - 0805
Added Member To Class: ClassName=DC_DC_15V_AND_VAR Member=Component R38 RES - 0805
Added Member To Class: ClassName=DC_DC_15V_AND_VAR Member=Component R39 RES - 0805
Added Member To Class: ClassName=DC_DC_15V_AND_VAR Member=Component R40 RES - 0805
Added Member To Class: ClassName=DC_DC_15V_AND_VAR Member=Component R41 RES - 0805
Added Member To Class: ClassName=DC_DC_15V_AND_VAR Member=Component R42 RES - 0805
Added Member To Class: ClassName=DC_DC_15V_AND_VAR Member=Component R43 RES - 0805
Added Member To Class: ClassName=DC_DC_15V_AND_VAR Member=Component R44 RES - 0805
Added Member To Class: ClassName=DC_DC_15V_AND_VAR Member=Component R45 RES - 0805
Added Member To Class: ClassName=DC_DC_15V_AND_VAR Member=Component R46 Pot
Added Member To Class: ClassName=DC_DC_15V_AND_VAR Member=Component R47 RES - 0805
Added Member To Class: ClassName=DC_DC_15V_AND_VAR Member=Component R48 RES - 0805
Added Member To Class: ClassName=Buck Boost 19V Member=Component TP1 TestPoint 3x3mm
Added Member To Class: ClassName=Buck Boost 19V Member=Component TP2 TestPoint 3x3mm
Added Member To Class: ClassName=Buck Boost 19V Member=Component TP3 TestPoint 3x3mm
Added Member To Class: ClassName=DC_DC_5V_1 Member=Component TP4 TestPoint 3x3mm
Added Member To Class: ClassName=DC_DC_5V_1 Member=Component TP5 TestPoint 3x3mm
Added Member To Class: ClassName=DC_DC_5V_1 Member=Component TP6 TestPoint 3x3mm
Added Member To Class: ClassName=DC_DC_5V_1 Member=Component TP7 TestPoint 3x3mm
Added Member To Class: ClassName=DC_DC_5V_1 Member=Component TP8 TestPoint 3x3mm
Added Member To Class: ClassName=DC_DC_5V_2 Member=Component TP9 TestPoint 3x3mm
Added Member To Class: ClassName=DC_DC_5V_2 Member=Component TP10 TestPoint 3x3mm
Added Member To Class: ClassName=DC_DC_5V_2 Member=Component TP11 TestPoint 3x3mm
Added Member To Class: ClassName=DC_DC_5V_2 Member=Component TP12 TestPoint 3x3mm
Added Member To Class: ClassName=DC_DC_12V Member=Component TP13 TestPoint 3x3mm
Added Member To Class: ClassName=DC_DC_12V Member=Component TP14 TestPoint 3x3mm
Added Member To Class: ClassName=DC_DC_12V Member=Component TP15 TestPoint 3x3mm
Added Member To Class: ClassName=DC_DC_12V Member=Component TP16 TestPoint 3x3mm
Added Member To Class: ClassName=DC_DC_12V Member=Component TP17 TestPoint 3x3mm
Added Member To Class: ClassName=DC_DC_15V_AND_VAR Member=Component TP18 TestPoint 3x3mm
Added Member To Class: ClassName=DC_DC_15V_AND_VAR Member=Component TP19 TestPoint 3x3mm
Added Member To Class: ClassName=DC_DC_15V_AND_VAR Member=Component TP20 TestPoint 3x3mm
Added Member To Class: ClassName=DC_DC_15V_AND_VAR Member=Component TP21 TestPoint 3x3mm
Added Member To Class: ClassName=DC_DC_15V_AND_VAR Member=Component TP22 TestPoint 3x3mm
Added Member To Class: ClassName=Buck Boost 19V Member=Component U1 TPS55340
Added Member To Class: ClassName=DC_DC_5V_1 Member=Component U2 RT8284N
Added Member To Class: ClassName=DC_DC_5V_1 Member=Component U3 RT8284N
Added Member To Class: ClassName=DC_DC_5V_2 Member=Component U4 RT8284N
Added Member To Class: ClassName=DC_DC_5V_2 Member=Component U5 RT8284N
Added Member To Class: ClassName=DC_DC_12V Member=Component U6 RT8284N
Added Member To Class: ClassName=DC_DC_12V Member=Component U7 RT8284N
Added Member To Class: ClassName=DC_DC_15V_AND_VAR Member=Component U8 RT8284N
Added Member To Class: ClassName=DC_DC_15V_AND_VAR Member=Component U9 RT8284N
Added Room: Name=Buck Boost 19V
Added Room: Name=Connectors
Added Room: Name=DC_DC_5V_1
Added Room: Name=DC_DC_5V_2
Added Room: Name=DC_DC_12V
Added Room: Name=DC_DC_15V_AND_VAR
Added Room: Name=Title
