Added Component: Designator=U2(SOP8)
Added Component: Designator=U3(SOP8)
Added Component: Designator=U4(SOP8)
Added Component: Designator=U5(SOP8)
Added Component: Designator=U6(SOP8)
Added Component: Designator=U7(SOP8)
Added Component: Designator=U8(SOP8)
Added Component: Designator=U9(SOP8)
Added Pin To Net: NetName=NetC14_1 Pin=U2-1
Added Pin To Net: NetName=NetC14_1 Pin=U2-1
Added Pin To Net: NetName=VPIN Pin=U2-2
Added Pin To Net: NetName=NetC14_2 Pin=U2-3
Added Pin To Net: NetName=GND Pin=U2-4
Added Pin To Net: NetName=NetR10_2 Pin=U2-5
Added Pin To Net: NetName=NetC18_1 Pin=U2-6
Added Pin To Net: NetName=NetJ13_2 Pin=U2-7
Added Pin To Net: NetName=NetC19_1 Pin=U2-8
Added Pin To Net: NetName=NetC22_1 Pin=U3-1
Added Pin To Net: NetName=NetC22_1 Pin=U3-1
Added Pin To Net: NetName=VPIN Pin=U3-2
Added Pin To Net: NetName=NetC22_2 Pin=U3-3
Added Pin To Net: NetName=GND Pin=U3-4
Added Pin To Net: NetName=NetR15_2 Pin=U3-5
Added Pin To Net: NetName=NetC26_1 Pin=U3-6
Added Pin To Net: NetName=NetJ14_2 Pin=U3-7
Added Pin To Net: NetName=NetC27_1 Pin=U3-8
Added Pin To Net: NetName=NetC30_1 Pin=U4-1
Added Pin To Net: NetName=NetC30_1 Pin=U4-1
Added Pin To Net: NetName=VPIN Pin=U4-2
Added Pin To Net: NetName=NetC30_2 Pin=U4-3
Added Pin To Net: NetName=GND Pin=U4-4
Added Pin To Net: NetName=NetR20_2 Pin=U4-5
Added Pin To Net: NetName=NetC34_1 Pin=U4-6
Added Pin To Net: NetName=NetJ15_2 Pin=U4-7
Added Pin To Net: NetName=NetC35_1 Pin=U4-8
Added Pin To Net: NetName=NetC38_1 Pin=U5-1
Added Pin To Net: NetName=NetC38_1 Pin=U5-1
Added Pin To Net: NetName=VPIN Pin=U5-2
Added Pin To Net: NetName=NetC38_2 Pin=U5-3
Added Pin To Net: NetName=GND Pin=U5-4
Added Pin To Net: NetName=NetR25_2 Pin=U5-5
Added Pin To Net: NetName=NetC42_1 Pin=U5-6
Added Pin To Net: NetName=NetJ16_2 Pin=U5-7
Added Pin To Net: NetName=NetC43_1 Pin=U5-8
Added Pin To Net: NetName=NetC46_1 Pin=U6-1
Added Pin To Net: NetName=NetC46_1 Pin=U6-1
Added Pin To Net: NetName=VPIN Pin=U6-2
Added Pin To Net: NetName=NetC46_2 Pin=U6-3
Added Pin To Net: NetName=GND Pin=U6-4
Added Pin To Net: NetName=NetR30_2 Pin=U6-5
Added Pin To Net: NetName=NetC50_1 Pin=U6-6
Added Pin To Net: NetName=NetJ17_2 Pin=U6-7
Added Pin To Net: NetName=NetC51_1 Pin=U6-8
Added Pin To Net: NetName=NetC54_1 Pin=U7-1
Added Pin To Net: NetName=NetC54_1 Pin=U7-1
Added Pin To Net: NetName=VPIN Pin=U7-2
Added Pin To Net: NetName=NetC54_2 Pin=U7-3
Added Pin To Net: NetName=GND Pin=U7-4
Added Pin To Net: NetName=NetR35_2 Pin=U7-5
Added Pin To Net: NetName=NetC58_1 Pin=U7-6
Added Pin To Net: NetName=NetJ18_2 Pin=U7-7
Added Pin To Net: NetName=NetC59_1 Pin=U7-8
Added Pin To Net: NetName=NetC62_1 Pin=U8-1
Added Pin To Net: NetName=NetC62_1 Pin=U8-1
Added Pin To Net: NetName=VJACK Pin=U8-2
Added Pin To Net: NetName=NetC62_2 Pin=U8-3
Added Pin To Net: NetName=GND Pin=U8-4
Added Pin To Net: NetName=NetR40_2 Pin=U8-5
Added Pin To Net: NetName=NetC66_1 Pin=U8-6
Added Pin To Net: NetName=NetJ19_2 Pin=U8-7
Added Pin To Net: NetName=NetC67_1 Pin=U8-8
Added Pin To Net: NetName=NetC70_1 Pin=U9-1
Added Pin To Net: NetName=NetC70_1 Pin=U9-1
Added Pin To Net: NetName=VPIN Pin=U9-2
Added Pin To Net: NetName=NetC70_2 Pin=U9-3
Added Pin To Net: NetName=GND Pin=U9-4
Added Pin To Net: NetName=NetR46_2 Pin=U9-5
Added Pin To Net: NetName=NetC74_1 Pin=U9-6
Added Pin To Net: NetName=NetJ20_2 Pin=U9-7
Added Pin To Net: NetName=NetC75_1 Pin=U9-8
Added Member To Class: ClassName=DC_DC_5V_1 Member=Component U2 RT8284N
Added Member To Class: ClassName=DC_DC_5V_1 Member=Component U3 RT8284N
Added Member To Class: ClassName=DC_DC_5V_2 Member=Component U4 RT8284N
Added Member To Class: ClassName=DC_DC_5V_2 Member=Component U5 RT8284N
Added Member To Class: ClassName=DC_DC_12V Member=Component U6 RT8284N
Added Member To Class: ClassName=DC_DC_12V Member=Component U7 RT8284N
Added Member To Class: ClassName=DC_DC_15V_AND_VAR Member=Component U8 RT8284N
Added Member To Class: ClassName=DC_DC_15V_AND_VAR Member=Component U9 RT8284N
